<?xml version="1.0" encoding="UTF-8"?>
<!-- Generated by org.testng.reporters.JUnitReportReporter -->
<testsuite hostname="Himanshu" failures="0" tests="1" name="com.selenium.Tests.OrangeHRM" time="15.049" errors="0" timestamp="2024-07-01T15:58:46 IST" skipped="0">
  <testcase classname="com.selenium.Tests.OrangeHRM" name="LaunchApp" time="15.049"/>
</testsuite> <!-- com.selenium.Tests.OrangeHRM -->
