<?xml version="1.0" encoding="UTF-8"?>
<!-- Generated by org.testng.reporters.JUnitReportReporter -->
<testsuite hostname="Himanshu" failures="0" tests="1" name="TestClass" time="0.006" errors="0" timestamp="2024-06-27T15:17:47 IST" skipped="0">
  <testcase classname="TestClass" name="foo" time="0.006"/>
  <system-out/>
</testsuite> <!-- TestClass -->
