<?xml version="1.0" encoding="UTF-8"?>
<!-- Generated by org.testng.reporters.JUnitReportReporter -->
<testsuite hostname="Himanshu" failures="0" tests="2" name="com.selenium.Tests.FirstTest" time="25.371" errors="0" timestamp="2024-06-27T16:51:59 IST" skipped="0">
  <testcase classname="com.selenium.Tests.FirstTest" name="TestGoogle" time="14.129"/>
  <testcase classname="com.selenium.Tests.FirstTest" name="TestWeb" time="11.242"/>
</testsuite> <!-- com.selenium.Tests.FirstTest -->
